{"/Users/collinsmacharia/Documents/javascript/phone-gen/index.js": {"path":"/Users/collinsmacharia/Documents/javascript/phone-gen/index.js","statementMap":{"0":{"start":{"line":4,"column":12},"end":{"line":4,"column":21}},"1":{"start":{"line":5,"column":0},"end":{"line":7,"column":4}},"2":{"start":{"line":8,"column":0},"end":{"line":8,"column":26}},"3":{"start":{"line":9,"column":0},"end":{"line":9,"column":16}},"4":{"start":{"line":11,"column":0},"end":{"line":13,"column":2}},"5":{"start":{"line":12,"column":4},"end":{"line":12,"column":46}}},"fnMap":{"0":{"name":"(anonymous_0)","decl":{"start":{"line":11,"column":17},"end":{"line":11,"column":18}},"loc":{"start":{"line":12,"column":4},"end":{"line":12,"column":46}},"line":12}},"branchMap":{},"s":{"0":1,"1":1,"2":1,"3":1,"4":1,"5":1},"f":{"0":1},"b":{},"_coverageSchema":"43e27e138ebf9cfc5966b082cf9a028302ed4184","hash":"72680257016dc17037026ce58bf8469b1205873a"}
,"/Users/collinsmacharia/Documents/javascript/phone-gen/phoneController.js": {"path":"/Users/collinsmacharia/Documents/javascript/phone-gen/phoneController.js","statementMap":{"0":{"start":{"line":2,"column":11},"end":{"line":2,"column":24}},"1":{"start":{"line":4,"column":24},"end":{"line":4,"column":85}},"2":{"start":{"line":4,"column":30},"end":{"line":4,"column":85}},"3":{"start":{"line":6,"column":32},"end":{"line":27,"column":5}},"4":{"start":{"line":7,"column":4},"end":{"line":26,"column":5}},"5":{"start":{"line":8,"column":33},"end":{"line":8,"column":58}},"6":{"start":{"line":9,"column":8},"end":{"line":11,"column":9}},"7":{"start":{"line":10,"column":12},"end":{"line":10,"column":105}},"8":{"start":{"line":12,"column":29},"end":{"line":12,"column":76}},"9":{"start":{"line":13,"column":31},"end":{"line":13,"column":55}},"10":{"start":{"line":14,"column":8},"end":{"line":23,"column":10}},"11":{"start":{"line":25,"column":4},"end":{"line":25,"column":14}},"12":{"start":{"line":29,"column":20},"end":{"line":45,"column":1}},"13":{"start":{"line":30,"column":4},"end":{"line":44,"column":5}},"14":{"start":{"line":31,"column":8},"end":{"line":31,"column":55}},"15":{"start":{"line":32,"column":32},"end":{"line":32,"column":57}},"16":{"start":{"line":33,"column":27},"end":{"line":33,"column":54}},"17":{"start":{"line":34,"column":24},"end":{"line":34,"column":48}},"18":{"start":{"line":35,"column":8},"end":{"line":38,"column":9}},"19":{"start":{"line":36,"column":12},"end":{"line":36,"column":96}},"20":{"start":{"line":37,"column":12},"end":{"line":37,"column":29}},"21":{"start":{"line":39,"column":27},"end":{"line":39,"column":77}},"22":{"start":{"line":40,"column":8},"end":{"line":40,"column":25}},"23":{"start":{"line":42,"column":8},"end":{"line":42,"column":16}},"24":{"start":{"line":47,"column":34},"end":{"line":59,"column":1}},"25":{"start":{"line":48,"column":4},"end":{"line":57,"column":5}},"26":{"start":{"line":49,"column":28},"end":{"line":49,"column":30}},"27":{"start":{"line":50,"column":8},"end":{"line":53,"column":9}},"28":{"start":{"line":50,"column":21},"end":{"line":50,"column":22}},"29":{"start":{"line":51,"column":27},"end":{"line":51,"column":44}},"30":{"start":{"line":52,"column":12},"end":{"line":52,"column":36}},"31":{"start":{"line":54,"column":8},"end":{"line":54,"column":40}},"32":{"start":{"line":56,"column":8},"end":{"line":56,"column":16}},"33":{"start":{"line":61,"column":27},"end":{"line":72,"column":1}},"34":{"start":{"line":62,"column":28},"end":{"line":62,"column":53}},"35":{"start":{"line":63,"column":27},"end":{"line":63,"column":54}},"36":{"start":{"line":64,"column":4},"end":{"line":71,"column":6}},"37":{"start":{"line":74,"column":31},"end":{"line":86,"column":1}},"38":{"start":{"line":75,"column":28},"end":{"line":75,"column":53}},"39":{"start":{"line":76,"column":27},"end":{"line":76,"column":54}},"40":{"start":{"line":77,"column":19},"end":{"line":77,"column":66}},"41":{"start":{"line":77,"column":54},"end":{"line":77,"column":64}},"42":{"start":{"line":78,"column":4},"end":{"line":85,"column":6}},"43":{"start":{"line":88,"column":31},"end":{"line":100,"column":1}},"44":{"start":{"line":89,"column":28},"end":{"line":89,"column":53}},"45":{"start":{"line":90,"column":27},"end":{"line":90,"column":54}},"46":{"start":{"line":91,"column":19},"end":{"line":91,"column":66}},"47":{"start":{"line":91,"column":54},"end":{"line":91,"column":64}},"48":{"start":{"line":92,"column":4},"end":{"line":99,"column":6}},"49":{"start":{"line":101,"column":28},"end":{"line":105,"column":1}},"50":{"start":{"line":102,"column":4},"end":{"line":102,"column":32}},"51":{"start":{"line":103,"column":4},"end":{"line":104,"column":6}},"52":{"start":{"line":106,"column":35},"end":{"line":114,"column":1}},"53":{"start":{"line":107,"column":28},"end":{"line":107,"column":53}},"54":{"start":{"line":108,"column":27},"end":{"line":108,"column":54}},"55":{"start":{"line":109,"column":4},"end":{"line":113,"column":6}},"56":{"start":{"line":110,"column":8},"end":{"line":111,"column":11}}},"fnMap":{"0":{"name":"(anonymous_0)","decl":{"start":{"line":4,"column":24},"end":{"line":4,"column":25}},"loc":{"start":{"line":4,"column":30},"end":{"line":4,"column":85}},"line":4},"1":{"name":"(anonymous_1)","decl":{"start":{"line":6,"column":32},"end":{"line":6,"column":33}},"loc":{"start":{"line":6,"column":52},"end":{"line":27,"column":5}},"line":6},"2":{"name":"(anonymous_2)","decl":{"start":{"line":29,"column":20},"end":{"line":29,"column":21}},"loc":{"start":{"line":29,"column":41},"end":{"line":45,"column":1}},"line":29},"3":{"name":"(anonymous_3)","decl":{"start":{"line":47,"column":34},"end":{"line":47,"column":35}},"loc":{"start":{"line":47,"column":61},"end":{"line":59,"column":1}},"line":47},"4":{"name":"(anonymous_4)","decl":{"start":{"line":61,"column":27},"end":{"line":61,"column":28}},"loc":{"start":{"line":61,"column":47},"end":{"line":72,"column":1}},"line":61},"5":{"name":"(anonymous_5)","decl":{"start":{"line":74,"column":31},"end":{"line":74,"column":32}},"loc":{"start":{"line":74,"column":45},"end":{"line":86,"column":1}},"line":74},"6":{"name":"(anonymous_6)","decl":{"start":{"line":77,"column":39},"end":{"line":77,"column":40}},"loc":{"start":{"line":77,"column":53},"end":{"line":77,"column":65}},"line":77},"7":{"name":"(anonymous_7)","decl":{"start":{"line":88,"column":31},"end":{"line":88,"column":32}},"loc":{"start":{"line":88,"column":45},"end":{"line":100,"column":1}},"line":88},"8":{"name":"(anonymous_8)","decl":{"start":{"line":91,"column":39},"end":{"line":91,"column":40}},"loc":{"start":{"line":91,"column":53},"end":{"line":91,"column":65}},"line":91},"9":{"name":"(anonymous_9)","decl":{"start":{"line":101,"column":28},"end":{"line":101,"column":29}},"loc":{"start":{"line":101,"column":42},"end":{"line":105,"column":1}},"line":101},"10":{"name":"(anonymous_10)","decl":{"start":{"line":106,"column":35},"end":{"line":106,"column":36}},"loc":{"start":{"line":106,"column":49},"end":{"line":114,"column":1}},"line":106},"11":{"name":"(anonymous_11)","decl":{"start":{"line":109,"column":67},"end":{"line":109,"column":68}},"loc":{"start":{"line":109,"column":76},"end":{"line":113,"column":5}},"line":109}},"branchMap":{"0":{"loc":{"start":{"line":9,"column":8},"end":{"line":11,"column":9}},"type":"if","locations":[{"start":{"line":9,"column":8},"end":{"line":11,"column":9}},{"start":{"line":9,"column":8},"end":{"line":11,"column":9}}],"line":9},"1":{"loc":{"start":{"line":35,"column":8},"end":{"line":38,"column":9}},"type":"if","locations":[{"start":{"line":35,"column":8},"end":{"line":38,"column":9}},{"start":{"line":35,"column":8},"end":{"line":38,"column":9}}],"line":35}},"s":{"0":1,"1":1,"2":10007,"3":1,"4":2,"5":2,"6":2,"7":1,"8":2,"9":2,"10":1,"11":1,"12":1,"13":2,"14":2,"15":2,"16":2,"17":2,"18":2,"19":1,"20":0,"21":1,"22":1,"23":1,"24":1,"25":2,"26":2,"27":2,"28":2,"29":10007,"30":10007,"31":2,"32":0,"33":1,"34":1,"35":1,"36":1,"37":1,"38":1,"39":1,"40":1,"41":134947,"42":1,"43":1,"44":1,"45":1,"46":1,"47":133017,"48":1,"49":1,"50":1,"51":1,"52":1,"53":1,"54":1,"55":1,"56":1},"f":{"0":10007,"1":2,"2":2,"3":2,"4":1,"5":1,"6":134947,"7":1,"8":133017,"9":1,"10":1,"11":1},"b":{"0":[1,1],"1":[1,1]},"_coverageSchema":"43e27e138ebf9cfc5966b082cf9a028302ed4184","hash":"76d7c515f45dcc8ae56a191d05d5860c784e40d8"}
,"/Users/collinsmacharia/Documents/javascript/phone-gen/routes.js": {"path":"/Users/collinsmacharia/Documents/javascript/phone-gen/routes.js","statementMap":{"0":{"start":{"line":6,"column":4},"end":{"line":6,"column":51}},"1":{"start":{"line":7,"column":4},"end":{"line":7,"column":45}},"2":{"start":{"line":8,"column":4},"end":{"line":8,"column":51}},"3":{"start":{"line":9,"column":4},"end":{"line":9,"column":57}},"4":{"start":{"line":10,"column":4},"end":{"line":10,"column":58}},"5":{"start":{"line":11,"column":4},"end":{"line":11,"column":59}}},"fnMap":{"0":{"name":"(anonymous_0)","decl":{"start":{"line":4,"column":15},"end":{"line":4,"column":16}},"loc":{"start":{"line":4,"column":24},"end":{"line":12,"column":1}},"line":4}},"branchMap":{},"s":{"0":1,"1":1,"2":1,"3":1,"4":1,"5":1},"f":{"0":1},"b":{},"_coverageSchema":"43e27e138ebf9cfc5966b082cf9a028302ed4184","hash":"777f1a584e6ae1dcd96a73352b407e7ac50137c8"}
}
