TN:
SF:/Users/collinsmacharia/Documents/javascript/phone-gen/index.js
FN:11,(anonymous_0)
FNF:1
FNH:1
FNDA:1,(anonymous_0)
DA:4,1
DA:5,1
DA:8,1
DA:9,1
DA:11,1
DA:12,1
LF:6
LH:6
BRF:0
BRH:0
end_of_record
TN:
SF:/Users/collinsmacharia/Documents/javascript/phone-gen/phoneController.js
FN:4,(anonymous_0)
FN:6,(anonymous_1)
FN:29,(anonymous_2)
FN:47,(anonymous_3)
FN:61,(anonymous_4)
FN:74,(anonymous_5)
FN:77,(anonymous_6)
FN:88,(anonymous_7)
FN:91,(anonymous_8)
FN:101,(anonymous_9)
FN:106,(anonymous_10)
FN:109,(anonymous_11)
FNF:12
FNH:12
FNDA:10007,(anonymous_0)
FNDA:2,(anonymous_1)
FNDA:2,(anonymous_2)
FNDA:2,(anonymous_3)
FNDA:1,(anonymous_4)
FNDA:1,(anonymous_5)
FNDA:134947,(anonymous_6)
FNDA:1,(anonymous_7)
FNDA:133017,(anonymous_8)
FNDA:1,(anonymous_9)
FNDA:1,(anonymous_10)
FNDA:1,(anonymous_11)
DA:2,1
DA:4,10007
DA:6,1
DA:7,2
DA:8,2
DA:9,2
DA:10,1
DA:12,2
DA:13,2
DA:14,1
DA:25,1
DA:29,1
DA:30,2
DA:31,2
DA:32,2
DA:33,2
DA:34,2
DA:35,2
DA:36,1
DA:37,0
DA:39,1
DA:40,1
DA:42,1
DA:47,1
DA:48,2
DA:49,2
DA:50,2
DA:51,10007
DA:52,10007
DA:54,2
DA:56,0
DA:61,1
DA:62,1
DA:63,1
DA:64,1
DA:74,1
DA:75,1
DA:76,1
DA:77,134947
DA:78,1
DA:88,1
DA:89,1
DA:90,1
DA:91,133017
DA:92,1
DA:101,1
DA:102,1
DA:103,1
DA:106,1
DA:107,1
DA:108,1
DA:109,1
DA:110,1
LF:53
LH:51
BRDA:9,0,0,1
BRDA:9,0,1,1
BRDA:35,1,0,1
BRDA:35,1,1,1
BRF:4
BRH:4
end_of_record
TN:
SF:/Users/collinsmacharia/Documents/javascript/phone-gen/routes.js
FN:4,(anonymous_0)
FNF:1
FNH:1
FNDA:1,(anonymous_0)
DA:6,1
DA:7,1
DA:8,1
DA:9,1
DA:10,1
DA:11,1
LF:6
LH:6
BRF:0
BRH:0
end_of_record
